<?xml version="1.0" encoding="UTF-8"?>
<testng-results ignored="0" total="1" passed="1" failed="0" skipped="0">
  <reporter-output>
  </reporter-output>
  <suite started-at="2021-11-14T17:32:23Z" name="Default suite" finished-at="2021-11-14T17:32:26Z" duration-ms="3717">
    <groups>
    </groups>
    <test started-at="2021-11-14T17:32:23Z" name="Default test" finished-at="2021-11-14T17:32:26Z" duration-ms="3717">
      <class name="BasicAuthentication1">
        <test-method signature="test()[pri:0, instance:BasicAuthentication1@7ceb3185]" started-at="2021-11-14T17:32:23Z" name="test" finished-at="2021-11-14T17:32:26Z" duration-ms="3683" status="PASS">
          <reporter-output>
          </reporter-output>
        </test-method> <!-- test -->
      </class> <!-- BasicAuthentication1 -->
    </test> <!-- Default test -->
  </suite> <!-- Default suite -->
</testng-results>
