<?xml version="1.0" encoding="UTF-8"?>
<testng-results ignored="0" total="1" passed="1" failed="0" skipped="0">
  <reporter-output>
  </reporter-output>
  <suite started-at="2022-02-26T21:18:26 IST" name="Default suite" finished-at="2022-02-26T21:18:26 IST" duration-ms="777">
    <groups>
    </groups>
    <test started-at="2022-02-26T21:18:26 IST" name="Default test" finished-at="2022-02-26T21:18:26 IST" duration-ms="777">
      <class name="RaedingDataFromXL">
        <test-method signature="readData()[pri:0, instance:RaedingDataFromXL@27406a17]" started-at="2022-02-26T21:18:26 IST" name="readData" finished-at="2022-02-26T21:18:26 IST" duration-ms="730" status="PASS">
          <reporter-output>
          </reporter-output>
        </test-method> <!-- readData -->
      </class> <!-- RaedingDataFromXL -->
    </test> <!-- Default test -->
  </suite> <!-- Default suite -->
</testng-results>
