<?xml version="1.0" encoding="UTF-8"?>
<!-- Generated by org.testng.reporters.JUnitXMLReporter -->
<testsuite ignored="0" hostname="INFHYSZBL369" failures="0" tests="3" name="Default test" time="23.705" errors="0" timestamp="2022-03-10T10:30:17 IST">
  <testcase classname="com.hrm.qa.testcases.LoginPageTest" name="loginLogoTest" time="0.078"/>
  <testcase classname="com.hrm.qa.testcases.LoginPageTest" name="loginTitle" time="0.006"/>
  <testcase classname="com.hrm.qa.testcases.LoginPageTest" name="loginTest" time="5.849"/>
</testsuite> <!-- Default test -->
